family plan ready: data/grammar_runs/n4_xhigh_5b41_fresh/family_plan.json
[1/132] completed n4_006_baai_wa
[2/132] completed n4_003_amari_nai
[3/132] completed n4_007_bakari
[4/132] completed n4_005_ba
[5/132] completed n4_004_ato_de
[6/132] completed n4_009_dasu
[7/132] completed n4_002_aida_ni
[8/132] completed n4_001_aida
[9/132] completed n4_008_dake_de
[10/132] completed n4_010_de_gozaimasu
[11/132] completed n4_013_ga_hitsuyou
[12/132] completed n4_015_gari
[13/132] completed n4_011_demo
[14/132] completed n4_012_dewa_nai_ka
[15/132] completed n4_014_ga_suru
[16/132] completed n4_017_gozaimasu
[17/132] completed n4_021_hitsuyou_ga_aru
[18/132] completed n4_016_garu_gatteiru
[19/132] completed n4_018_hajimeru
[20/132] completed n4_020_hazu_ga_nai
[21/132] completed n4_019_hazu_da
[22/132] completed n4_022_ikou_kei_volitional_form
[23/132] completed n4_024_itashimasu
[24/132] completed n4_023_irassharu
[25/132] completed n4_025_janai_ka
[26/132] completed n4_030_kana
[27/132] completed n4_027_ka_shira
[28/132] completed n4_026_ka_dou_ka
[29/132] completed n4_029_kamo_shirenai
[30/132] completed n4_031_kara_tsukuru
[31/132] completed n4_028_kai
[32/132] completed n4_032_kitto
[33/132] completed n4_033_koro_goro
[34/132] completed n4_034_koto
[35/132] completed n4_037_koto_ni_naru
[36/132] completed n4_035_koto_ga_aru
[37/132] completed n4_036_koto_ga_dekiru
[38/132] completed n4_038_koto_ni_suru
[39/132] completed n4_039_ku_suru
[40/132] completed n4_041_made_ni
[41/132] completed n4_040_kyuu_ni
[42/132] completed n4_042_mama
[43/132] completed n4_043_matawa
[44/132] completed n4_044_mitai_da
[45/132] completed n4_045_mitai_na
[46/132] completed n4_048_na
[47/132] completed n4_051_nakanaka_nai
[48/132] completed n4_049_nado
[49/132] completed n4_047_mo
[50/132] completed n4_046_mitai_ni
[51/132] completed n4_052_nakereba_ikenai
[52/132] completed n4_053_nakereba_naranai
[53/132] completed n4_050_nagara
[54/132] completed n4_054_nara
[55/132] completed n4_056_nasaru
[56/132] completed n4_059_ni_suru
[57/132] completed n4_055_nasai
[58/132] completed n4_058_ni_mieru
[59/132] completed n4_057_ni_ki_ga_tsuku
[60/132] completed n4_062_noni
[61/132] completed n4_063_noni
[62/132] completed n4_060_nikui
[63/132] completed n4_064_nowa_da
[64/132] completed n4_061_no_naka_de
[65/132] completed n4_065_o_kudasai
[66/132] completed n4_066_o_ni_naru
[67/132] completed n4_068_owaru
[68/132] completed n4_070_rashii
[69/132] completed n4_067_oki_ni
[70/132] completed n4_069_rareru
[71/132] completed n4_072_sakki
[72/132] completed n4_074_saseru
[73/132] completed n4_071_sa
[74/132] completed n4_073_saserareru
[75/132] completed n4_076_sasuga
[76/132] completed n4_075_sasete_kudasai
[77/132] completed n4_081_sou_da_1
[78/132] completed n4_077_shi
[79/132] completed n4_080_sore_ni
[80/132] completed n4_078_sonna_ni
[81/132] completed n4_079_sore_demo
[82/132] completed n4_082_sou_da_2
[83/132] completed n4_084_ta_bakari
[84/132] completed n4_085_ta_tokoro
[85/132] completed n4_083_sou_ni_sou_na
[86/132] completed n4_088_tara
[87/132] completed n4_087_tagaru
[88/132] completed n4_086_tadoushi_jidoushi
[89/132] completed n4_089_tara_dou
[90/132] completed n4_090_tara_ii_desu_ka
[91/132] completed n4_092_te_ageru
[92/132] completed n4_094_te_iku
[93/132] completed n4_091_te_de
[94/132] completed n4_098_te_kuru
[95/132] completed n4_095_te_ita
[96/132] completed n4_097_te_kureru
[97/132] completed n4_096_te_itadakemasen_ka
[98/132] completed n4_093_te_hoshii
[99/132] completed n4_100_te_morau
[100/132] completed n4_101_te_oku
[101/132] completed n4_099_te_miru
[102/132] completed n4_102_te_shimau_chau
[103/132] completed n4_104_te_yaru
[104/132] completed n4_103_te_sumimasen
[105/132] completed n4_107_temo
[106/132] completed n4_108_to
[107/132] completed n4_105_te_yokatta
[108/132] completed n4_109_to_ittemo_ii
[109/132] completed n4_106_teiru_tokoro
[110/132] completed n4_110_to_iu
[111/132] completed n4_114_to_omou
[112/132] completed n4_113_to_kiita
[113/132] completed n4_117_tsuzukeru
[114/132] completed n4_116_tokoro
[115/132] completed n4_111_to_iu_koto
[116/132] completed n4_115_toka_toka
[117/132] completed n4_112_to_iwarete_iru
[118/132] completed n4_120_wa_ga_wa
[119/132] completed n4_118_tte
[120/132] completed n4_121_yasui
[121/132] completed n4_122_yatto
[122/132] completed n4_124_yotei_da
[123/132] completed n4_119_ukemi_kei
[124/132] completed n4_125_you_da
[125/132] completed n4_123_yori
[126/132] completed n4_130_zehi
[127/132] completed n4_126_you_ni_you_na
[128/132] completed n4_127_you_ni_naru
[129/132] completed n4_129_you_to_omou
[130/132] completed n4_131_zenzen_nai
[131/132] completed n4_132_zurai
[132/132] completed n4_128_you_ni_suru
generated entries: 132
epub built: data/grammar_runs/n4_xhigh_5b41_fresh/jlpt_n4_grammar_full_xhigh_5b41.epub
