family plan ready: data/grammar_runs/n5_xhigh_5b41_fresh/family_plan.json
[1/84] completed n5_006_demo
[2/84] completed n5_007_deshou
[3/84] completed n5_001_cha_ikenai_ja_ikenai
[4/84] completed n5_003_dake
[5/84] completed n5_002_da_desu
[6/84] completed n5_005_de
[7/84] completed n5_009_doushite
[8/84] completed n5_010_douyatte
[9/84] completed n5_004_darou
[10/84] completed n5_008_donna
[11/84] completed n5_011_ga
[12/84] completed n5_012_ga_arimasu
[13/84] completed n5_013_ga_hoshii
[14/84] completed n5_016_i_adjectives
[15/84] completed n5_018_issho_ni
[16/84] completed n5_020_janai_dewa_nai
[17/84] completed n5_015_hou_ga_ii
[18/84] completed n5_014_ga_imasu
[19/84] completed n5_019_itsumo
[20/84] completed n5_017_ichiban
[21/84] completed n5_021_ka
[22/84] completed n5_022_ka_ka
[23/84] completed n5_023_kara
[24/84] completed n5_026_keredo_mo
[25/84] completed n5_025_kedo
[26/84] completed n5_024_kata
[27/84] completed n5_028_mada_te_imasen
[28/84] completed n5_030_mae_ni
[29/84] completed n5_027_mada
[30/84] completed n5_031_masen_ka
[31/84] completed n5_032_mashou
[32/84] completed n5_029_made
[33/84] completed n5_033_mashouka
[34/84] completed n5_035_mou
[35/84] completed n5_038_naide
[36/84] completed n5_037_naa
[37/84] completed n5_039_naide_kudasai
[38/84] completed n5_034_mo
[39/84] completed n5_040_naito_ikenai
[40/84] completed n5_036_na_adjectives
[41/84] completed n5_042_nakucha
[42/84] completed n5_041_naku_temo_ii
[43/84] completed n5_045_naru
[44/84] completed n5_044_nakute_wa_naranai
[45/84] completed n5_046_ndesu
[46/84] completed n5_043_nakute_wa_ikenai
[47/84] completed n5_048_ni
[48/84] completed n5_047_ne
[49/84] completed n5_049_ni_iku
[50/84] completed n5_050_ni_suru
[51/84] completed n5_051_ni_e
[52/84] completed n5_055_no_ga_jouzu
[53/84] completed n5_056_no_ga_suki
[54/84] completed n5_052_no
[55/84] completed n5_054_no_ga_heta
[56/84] completed n5_057_no_naka_de_a_ga_ichiban
[57/84] completed n5_058_node
[58/84] completed n5_059_o_go
[59/84] completed n5_062_shikashi
[60/84] completed n5_060_o_wo
[61/84] completed n5_053_no_desu
[62/84] completed n5_063_sore_kara
[63/84] completed n5_061_o_kudasai
[64/84] completed n5_065_sugiru
[65/84] completed n5_068_tari_tari
[66/84] completed n5_064_soshite
[67/84] completed n5_066_ta_koto_ga_aru
[68/84] completed n5_069_te_aru
[69/84] completed n5_067_tai
[70/84] completed n5_070_te_iru
[71/84] completed n5_071_te_kara
[72/84] completed n5_075_to
[73/84] completed n5_074_temo_ii_desu
[74/84] completed n5_072_te_kudasai
[75/84] completed n5_073_te_wa_ikenai
[76/84] completed n5_077_totemo
[77/84] completed n5_076_toki
[78/84] completed n5_078_tsumori
[79/84] completed n5_081_wa_dou_desu_ka
[80/84] completed n5_080_wa_yori_desu
[81/84] completed n5_082_ya
[82/84] completed n5_083_yo
[83/84] completed n5_079_wa_topic_marker
[84/84] completed n5_084_yori_hou_ga
generated entries: 84
epub built: data/grammar_runs/n5_xhigh_5b41_fresh/jlpt_n5_grammar_full_xhigh_5b41.epub
